2025-04-09 18:42:39 - __main__ - [92mINFO[0m - 🤔 Intento 1 de obtener datos base...
2025-04-09 18:46:35 - user_service - [92mINFO[0m - Progreso: 100.0%
2025-04-09 18:46:35 - user_service - [92mINFO[0m - Generación completada. Usuarios válidos: 27/100
2025-04-09 18:46:41 - details_service - [92mINFO[0m - Procesados 3/27
2025-04-09 18:46:45 - details_service - [92mINFO[0m - Procesados 6/27
2025-04-09 18:46:47 - __main__ - [92mINFO[0m - 🤔 Intento 1 de obtener datos base...
2025-04-09 18:46:47 - anime_service - [93mWARNING[0m - Error en caché para anime 1: malformed node or string on line 1: <ast.Name object at 0x7b674106a210>
2025-04-09 18:46:50 - anime_service - [93mWARNING[0m - Error en caché para anime 5: malformed node or string on line 1: <ast.Name object at 0x7b6741197d10>
2025-04-09 18:46:51 - anime_service - [93mWARNING[0m - Error en caché para anime 6: malformed node or string on line 1: <ast.Name object at 0x7b67410c2b90>
2025-04-09 18:46:52 - anime_service - [93mWARNING[0m - Error en caché para anime 8: malformed node or string on line 1: <ast.Name object at 0x7b674119ed50>
2025-04-09 18:47:09 - __main__ - [92mINFO[0m - 🤔 Intento 1 de obtener datos base...
2025-04-09 18:49:50 - user_service - [92mINFO[0m - Progreso: 100.0%
2025-04-09 18:49:50 - user_service - [92mINFO[0m - Generación completada. Usuarios válidos: 27/100
2025-04-09 18:49:50 - details_service - [93mWARNING[0m - Intento 1 fallido para Aokaado
2025-04-09 18:49:52 - details_service - [93mWARNING[0m - Intento 1 fallido para Crystal
2025-04-09 18:49:53 - details_service - [92mINFO[0m - Procesados 3/27
2025-04-09 18:49:55 - details_service - [93mWARNING[0m - Intento 1 fallido para vondur
2025-04-09 18:49:56 - details_service - [92mINFO[0m - Procesados 6/27
2025-04-09 18:50:06 - details_service - [92mINFO[0m - Procesados 9/27
2025-04-09 18:50:13 - details_service - [92mINFO[0m - Procesados 12/27
2025-04-09 18:50:18 - details_service - [92mINFO[0m - Procesados 15/27
2025-04-09 18:50:23 - details_service - [92mINFO[0m - Procesados 18/27
2025-04-09 18:50:27 - details_service - [92mINFO[0m - Procesados 21/27
2025-04-09 18:50:32 - details_service - [92mINFO[0m - Procesados 24/27
2025-04-09 18:50:36 - details_service - [92mINFO[0m - Procesados 27/27
2025-04-09 18:50:37 - details_service - [92mINFO[0m - Tiempo total: 47.58s
2025-04-09 18:50:38 - score_service - [92mINFO[0m - Datos obtenidos para Xinil
2025-04-09 18:50:39 - score_service - [93mWARNING[0m - Sin datos para Aokaado
2025-04-09 18:50:41 - score_service - [92mINFO[0m - Datos obtenidos para Crystal
2025-04-09 18:50:41 - score_service - [92mINFO[0m - Datos obtenidos para Arcane
2025-04-09 18:50:42 - score_service - [92mINFO[0m - Datos obtenidos para Mad
2025-04-09 18:50:43 - score_service - [92mINFO[0m - Datos obtenidos para vondur
2025-04-09 18:50:44 - score_service - [92mINFO[0m - Datos obtenidos para Amuro
2025-04-09 18:50:44 - score_service - [93mWARNING[0m - Sin datos para Baman
2025-04-09 18:50:45 - score_service - [92mINFO[0m - Datos obtenidos para megan
2025-04-09 18:50:45 - score_service - [93mWARNING[0m - Sin datos para beddan
2025-04-09 18:50:46 - score_service - [92mINFO[0m - Datos obtenidos para kei-clone
2025-04-09 18:50:48 - score_service - [92mINFO[0m - Datos obtenidos para seif
2025-04-09 18:50:48 - score_service - [92mINFO[0m - Datos obtenidos para Ladholyman
2025-04-09 18:50:49 - score_service - [92mINFO[0m - Datos obtenidos para Hiromi
2025-04-09 18:50:50 - score_service - [92mINFO[0m - Datos obtenidos para ShadowOz
2025-04-09 18:50:51 - score_service - [92mINFO[0m - Datos obtenidos para Cruzle
2025-04-09 18:50:51 - score_service - [92mINFO[0m - Datos obtenidos para Smoka
2025-04-09 18:50:52 - score_service - [92mINFO[0m - Datos obtenidos para james2k
2025-04-09 18:50:53 - score_service - [93mWARNING[0m - Sin datos para Emp-
2025-04-09 18:50:54 - score_service - [92mINFO[0m - Datos obtenidos para koalatees
2025-04-09 18:50:54 - score_service - [92mINFO[0m - Datos obtenidos para Ramp
2025-04-09 18:50:55 - score_service - [92mINFO[0m - Datos obtenidos para Achtor
2025-04-09 18:50:56 - score_service - [92mINFO[0m - Datos obtenidos para jaames
2025-04-09 18:50:57 - score_service - [92mINFO[0m - Datos obtenidos para wicked2k
2025-04-09 18:50:57 - score_service - [93mWARNING[0m - Sin datos para xich
2025-04-09 18:50:58 - score_service - [92mINFO[0m - Datos obtenidos para marvin_9martian
2025-04-09 18:50:58 - score_service - [92mINFO[0m - Datos obtenidos para sorairo
2025-04-09 18:50:59 - score_service - [92mINFO[0m - Procesado: 27/27 (100.0%)
2025-04-09 18:50:59 - __main__ - [92mINFO[0m - ✅ Obtención de datos base exitosa
2025-04-09 18:50:59 - __main__ - [92mINFO[0m - ✅ DatabaseManager cargado correctamente
2025-04-09 18:50:59 - __main__ - [92mINFO[0m - 📥 Iniciando carga de datos...
2025-04-09 18:50:59 - root - [92mINFO[0m -       user_id Username  anime_id                     Anime Title  rating
0           1    Xinil        21                       One Piece       9
1           1    Xinil        48                     .hack//Sign       7
2           1    Xinil       320                          A Kite       5
3           1    Xinil        49                Aa! Megami-sama!       8
4           1    Xinil       304          Aa! Megami-sama! Movie       8
...       ...      ...       ...                             ...     ...
3303       95  sorairo        21                       One Piece       1
3304       95  sorairo      7079                   Ookamikakushi       1
3305       95  sorairo       527                         Pokemon       1
3306       95  sorairo      4719  Queen's Blade: Rurou no Senshi       3
3307       95  sorairo     31430          Terra Formars: Revenge       1

[3308 rows x 5 columns]
2025-04-09 18:50:59 - __main__ - [92mINFO[0m - ✅ Carga completada exitosamente
